<?xml version="1.0" encoding="UTF-8"?>
<!-- Generated by org.testng.reporters.JUnitReportReporter -->
<testsuite skipped="0" hostname="DESKTOP-6FBTPP8" name="com.wordpress.tests.MyProfilepageTests" tests="11" failures="0" timestamp="21 Apr 2021 01:13:55 GMT" time="86.031" errors="0">
  <testcase name="verifyProfilePageTitle" time="5.510" classname="com.wordpress.tests.MyProfilepageTests"/>
  <testcase name="verifyProfilePageHeader" time="7.967" classname="com.wordpress.tests.MyProfilepageTests"/>
  <testcase name="verifyYourProfileLink" time="10.171" classname="com.wordpress.tests.MyProfilepageTests"/>
  <testcase name="verifyMoreInformationEmailAddress" time="7.585" classname="com.wordpress.tests.MyProfilepageTests"/>
  <testcase name="verifyPublicDisplayName" time="6.951" classname="com.wordpress.tests.MyProfilepageTests"/>
  <testcase name="verifySaveProfileDetailsButtonIsDisabled" time="5.375" classname="com.wordpress.tests.MyProfilepageTests"/>
  <testcase name="verifySaveProfileDetailsSuccessMessage" time="9.379" classname="com.wordpress.tests.MyProfilepageTests"/>
  <testcase name="verifyAddWordPressSite" time="7.976" classname="com.wordpress.tests.MyProfilepageTests"/>
  <testcase name="verifyCancelProfileLinks" time="7.526" classname="com.wordpress.tests.MyProfilepageTests"/>
  <testcase name="verifyAddUrl" time="8.199" classname="com.wordpress.tests.MyProfilepageTests"/>
  <testcase name="verifyHelpSearchResults" time="9.392" classname="com.wordpress.tests.MyProfilepageTests"/>
</testsuite> <!-- com.wordpress.tests.MyProfilepageTests -->
